<?xml version="1.0" encoding="UTF-8"?>
<!-- Generated by org.testng.reporters.JUnitXMLReporter -->
<testsuite hostname="SB-IN-SANKETH01" name="Test" tests="2" failures="1" timestamp="6 Jun 2018 11:46:23 GMT" time="9.526" errors="0">
  <testcase name="Login" time="1.909" classname="com.shoppingcart.shoppingcart.AppTest"/>
  <testcase name="Shopping" time="0.995" classname="com.shoppingcart.shoppingcart.AppTest">
    <failure type="java.lang.AssertionError" message="expected [Your order has submitted successfully.] but found [iPhone]">
      <![CDATA[java.lang.AssertionError: expected [Your order has submitted successfully.] but found [iPhone]
	at com.shoppingcart.shoppingcart.AppTest.Shopping(AppTest.java:32)
... Removed 29 stack frames]]>
    </failure>
  </testcase> <!-- Shopping -->
</testsuite> <!-- Test -->
