<?xml version="1.0" encoding="UTF-8"?>
<testng-results skipped="0" failed="0" total="2" passed="2">
  <reporter-output>
  </reporter-output>
  <suite name="Suite" duration-ms="19929" started-at="2019-11-20T11:19:02Z" finished-at="2019-11-20T11:19:22Z">
    <groups>
    </groups>
    <test name="CBTTest2" duration-ms="14453" started-at="2019-11-20T11:19:02Z" finished-at="2019-11-20T11:19:17Z">
      <class name="com.shoppingcart.shoppingcart.AppTest">
        <test-method status="PASS" signature="setup()[pri:0, instance:com.shoppingcart.shoppingcart.AppTest@6537cf78]" name="setup" is-config="true" duration-ms="52242" started-at="2019-11-20T11:17:47Z" finished-at="2019-11-20T11:18:39Z">
          <reporter-output>
          </reporter-output>
        </test-method> <!-- setup -->
        <test-method status="PASS" signature="setup()[pri:0, instance:com.shoppingcart.shoppingcart.AppTest2@2344fc66]" name="setup" is-config="true" duration-ms="23051" started-at="2019-11-20T11:18:39Z" finished-at="2019-11-20T11:19:02Z">
          <reporter-output>
          </reporter-output>
        </test-method> <!-- setup -->
        <test-method status="PASS" signature="tearDown()[pri:0, instance:com.shoppingcart.shoppingcart.AppTest@6537cf78]" name="tearDown" is-config="true" duration-ms="16578" started-at="2019-11-20T11:19:22Z" finished-at="2019-11-20T11:19:39Z">
          <reporter-output>
          </reporter-output>
        </test-method> <!-- tearDown -->
        <test-method status="PASS" signature="tearDown()[pri:0, instance:com.shoppingcart.shoppingcart.AppTest2@2344fc66]" name="tearDown" is-config="true" duration-ms="1521" started-at="2019-11-20T11:19:39Z" finished-at="2019-11-20T11:19:40Z">
          <reporter-output>
          </reporter-output>
        </test-method> <!-- tearDown -->
      </class> <!-- com.shoppingcart.shoppingcart.AppTest -->
      <class name="com.shoppingcart.shoppingcart.AppTest2">
        <test-method status="PASS" signature="Login()[pri:0, instance:com.shoppingcart.shoppingcart.AppTest2@2344fc66]" name="Login" is-config="true" duration-ms="7379" started-at="2019-11-20T11:19:02Z" finished-at="2019-11-20T11:19:10Z">
          <reporter-output>
          </reporter-output>
        </test-method> <!-- Login -->
        <test-method status="PASS" signature="Shopping()[pri:0, instance:com.shoppingcart.shoppingcart.AppTest2@2344fc66]" name="Shopping" duration-ms="7064" started-at="2019-11-20T11:19:10Z" finished-at="2019-11-20T11:19:17Z">
          <reporter-output>
          </reporter-output>
        </test-method> <!-- Shopping -->
      </class> <!-- com.shoppingcart.shoppingcart.AppTest2 -->
    </test> <!-- CBTTest2 -->
    <test name="CBTTest1" duration-ms="19929" started-at="2019-11-20T11:19:02Z" finished-at="2019-11-20T11:19:22Z">
      <class name="com.shoppingcart.shoppingcart.AppTest">
        <test-method status="PASS" signature="Login()[pri:0, instance:com.shoppingcart.shoppingcart.AppTest@6537cf78]" name="Login" is-config="true" duration-ms="9385" started-at="2019-11-20T11:19:02Z" finished-at="2019-11-20T11:19:12Z">
          <reporter-output>
          </reporter-output>
        </test-method> <!-- Login -->
        <test-method status="PASS" signature="Shopping()[pri:0, instance:com.shoppingcart.shoppingcart.AppTest@6537cf78]" name="Shopping" duration-ms="10544" started-at="2019-11-20T11:19:12Z" finished-at="2019-11-20T11:19:22Z">
          <reporter-output>
          </reporter-output>
        </test-method> <!-- Shopping -->
      </class> <!-- com.shoppingcart.shoppingcart.AppTest -->
    </test> <!-- CBTTest1 -->
  </suite> <!-- Suite -->
</testng-results>
