<?xml version="1.0" encoding="UTF-8"?>
<testng-results skipped="0" failed="0" total="2" passed="2">
  <reporter-output>
  </reporter-output>
  <suite name="Default suite" duration-ms="10936" started-at="2018-06-06T12:33:54Z" finished-at="2018-06-06T12:34:05Z">
    <groups>
    </groups>
    <test name="Default test" duration-ms="10936" started-at="2018-06-06T12:33:54Z" finished-at="2018-06-06T12:34:05Z">
      <class name="com.shoppingcart.shoppingcart.AppTest">
        <test-method status="PASS" signature="beforeClass()[pri:0, instance:com.shoppingcart.shoppingcart.AppTest@5419f379]" name="beforeClass" is-config="true" duration-ms="6937" started-at="2018-06-06T18:03:54Z" finished-at="2018-06-06T18:04:01Z">
          <reporter-output>
          </reporter-output>
        </test-method> <!-- beforeClass -->
        <test-method status="PASS" signature="Login()[pri:0, instance:com.shoppingcart.shoppingcart.AppTest@5419f379]" name="Login" duration-ms="2711" started-at="2018-06-06T18:04:01Z" finished-at="2018-06-06T18:04:04Z">
          <reporter-output>
          </reporter-output>
        </test-method> <!-- Login -->
        <test-method status="PASS" signature="Shopping()[pri:0, instance:com.shoppingcart.shoppingcart.AppTest@5419f379]" name="Shopping" duration-ms="1245" started-at="2018-06-06T18:04:04Z" finished-at="2018-06-06T18:04:05Z">
          <reporter-output>
          </reporter-output>
        </test-method> <!-- Shopping -->
        <test-method status="PASS" signature="afterClass()[pri:0, instance:com.shoppingcart.shoppingcart.AppTest@5419f379]" name="afterClass" is-config="true" duration-ms="1" started-at="2018-06-06T18:04:05Z" finished-at="2018-06-06T18:04:05Z">
          <reporter-output>
          </reporter-output>
        </test-method> <!-- afterClass -->
      </class> <!-- com.shoppingcart.shoppingcart.AppTest -->
    </test> <!-- Default test -->
  </suite> <!-- Default suite -->
</testng-results>
